<?xml version="1.0" encoding="UTF-8"?>
<!-- Generated by org.testng.reporters.JUnitXMLReporter -->
<testsuite hostname="CILPLAP00068" failures="0" tests="1" name="Test" time="1.198" errors="0" timestamp="3 Aug 2024 11:17:42 GMT">
  <testcase classname="ProspectTestCases.Tc_Devstudio_001_ProspectCreationAndVerification" name="@BeforeTest getBrowser" time="0.0">
    <failure type="java.lang.NullPointerException" message="Cannot invoke &amp;quot;org.testng.asserts.SoftAssert.assertTrue(boolean, String)&amp;quot; because &amp;quot;com.sugarCRMGenericLib.Browser.ast&amp;quot; is null">
      <![CDATA[java.lang.NullPointerException: Cannot invoke "org.testng.asserts.SoftAssert.assertTrue(boolean, String)" because "com.sugarCRMGenericLib.Browser.ast" is null
	at com.sugarCRMGenericLib.Browser.getBrowser(Browser.java:59)
... Removed 22 stack frames]]>
    </failure>
  </testcase> <!-- @BeforeTest getBrowser -->
  <testcase classname="ProspectTestCases.Tc_Devstudio_001_ProspectCreationAndVerification" name="@BeforeClass LoadMethods" time="0.0">
    <skipped/>
  </testcase> <!-- @BeforeClass LoadMethods -->
  <testcase classname="ProspectTestCases.Tc_Devstudio_001_ProspectCreationAndVerification" name="prospectCreationAndVerificationtestCase" time="0.002">
    <skipped/>
  </testcase> <!-- prospectCreationAndVerificationtestCase -->
</testsuite> <!-- Test -->
